Pre  Order : [20(1)]
In   Order : [20(1)]
Post Order : [20(1)]
Number of Nodes : 1
Height : 1

Key Exists
Pre  Order : [20(1)]
In   Order : [20(1)]
Post Order : [20(1)]
Number of Nodes : 1
Height : 1

Item 20 1
Pre  Order : [20(1)]
In   Order : [20(1)]
Post Order : [20(1)]
Number of Nodes : 1
Height : 1

Pre  Order : [20(1)][10(2)]
In   Order : [10(2)][20(1)]
Post Order : [10(2)][20(1)]
Number of Nodes : 2
Height : 2

Item 10 2
Pre  Order : [20(1)][10(2)]
In   Order : [10(2)][20(1)]
Post Order : [10(2)][20(1)]
Number of Nodes : 2
Height : 2

Pre  Order : [20(1)][10(2)][40(3)]
In   Order : [10(2)][20(1)][40(3)]
Post Order : [10(2)][40(3)][20(1)]
Number of Nodes : 3
Height : 2

Pre  Order : [20(1)][10(2)][6(4)][40(3)]
In   Order : [6(4)][10(2)][20(1)][40(3)]
Post Order : [6(4)][10(2)][40(3)][20(1)]
Number of Nodes : 4
Height : 3

Pre  Order : [20(1)][10(2)][6(4)][15(5)][40(3)]
In   Order : [6(4)][10(2)][15(5)][20(1)][40(3)]
Post Order : [6(4)][15(5)][10(2)][40(3)][20(1)]
Number of Nodes : 5
Height : 3

Item 10 2
Pre  Order : [20(1)][10(2)][6(4)][15(5)][40(3)]
In   Order : [6(4)][10(2)][15(5)][20(1)][40(3)]
Post Order : [6(4)][15(5)][10(2)][40(3)][20(1)]
Number of Nodes : 5
Height : 3

Pre  Order : [20(1)][10(2)][6(4)][15(5)][40(3)][30(6)]
In   Order : [6(4)][10(2)][15(5)][20(1)][30(6)][40(3)]
Post Order : [6(4)][15(5)][10(2)][30(6)][40(3)][20(1)]
Number of Nodes : 6
Height : 3

Pre  Order : [20(1)][10(2)][6(4)][2(7)][15(5)][40(3)][30(6)]
In   Order : [2(7)][6(4)][10(2)][15(5)][20(1)][30(6)][40(3)]
Post Order : [2(7)][6(4)][15(5)][10(2)][30(6)][40(3)][20(1)]
Number of Nodes : 7
Height : 4

Key Exists
Pre  Order : [20(1)][10(2)][6(4)][2(7)][15(5)][40(3)][30(6)]
In   Order : [2(7)][6(4)][10(2)][15(5)][20(1)][30(6)][40(3)]
Post Order : [2(7)][6(4)][15(5)][10(2)][30(6)][40(3)][20(1)]
Number of Nodes : 7
Height : 4

Pre  Order : [20(1)][10(2)][6(4)][2(7)][8(8)][15(5)][40(3)][30(6)]
In   Order : [2(7)][6(4)][8(8)][10(2)][15(5)][20(1)][30(6)][40(3)]
Post Order : [2(7)][8(8)][6(4)][15(5)][10(2)][30(6)][40(3)][20(1)]
Number of Nodes : 8
Height : 4

Pre  Order : [20(1)][10(2)][6(4)][2(7)][8(8)][15(5)][40(3)][30(6)][25(9)]
In   Order : [2(7)][6(4)][8(8)][10(2)][15(5)][20(1)][25(9)][30(6)][40(3)]
Post Order : [2(7)][8(8)][6(4)][15(5)][10(2)][25(9)][30(6)][40(3)][20(1)]
Number of Nodes : 9
Height : 4

Item 30 6
Pre  Order : [20(1)][10(2)][6(4)][2(7)][8(8)][15(5)][40(3)][30(6)][25(9)]
In   Order : [2(7)][6(4)][8(8)][10(2)][15(5)][20(1)][25(9)][30(6)][40(3)]
Post Order : [2(7)][8(8)][6(4)][15(5)][10(2)][25(9)][30(6)][40(3)][20(1)]
Number of Nodes : 9
Height : 4

Pre  Order : [20(1)][10(2)][6(4)][2(7)][8(8)][15(5)][40(3)][30(6)][25(9)][35(10)]
In   Order : [2(7)][6(4)][8(8)][10(2)][15(5)][20(1)][25(9)][30(6)][35(10)][40(3)]
Post Order : [2(7)][8(8)][6(4)][15(5)][10(2)][25(9)][35(10)][30(6)][40(3)][20(1)]
Number of Nodes : 10
Height : 4

Pre  Order : [20(1)][10(2)][6(4)][2(7)][8(8)][7(11)][15(5)][40(3)][30(6)][25(9)][35(10)]
In   Order : [2(7)][6(4)][7(11)][8(8)][10(2)][15(5)][20(1)][25(9)][30(6)][35(10)][40(3)]
Post Order : [2(7)][7(11)][8(8)][6(4)][15(5)][10(2)][25(9)][35(10)][30(6)][40(3)][20(1)]
Number of Nodes : 11
Height : 5

Pre  Order : [20(1)][10(2)][6(4)][2(7)][8(8)][7(11)][15(5)][18(12)][40(3)][30(6)][25(9)][35(10)]
In   Order : [2(7)][6(4)][7(11)][8(8)][10(2)][15(5)][18(12)][20(1)][25(9)][30(6)][35(10)][40(3)]
Post Order : [2(7)][7(11)][8(8)][6(4)][18(12)][15(5)][10(2)][25(9)][35(10)][30(6)][40(3)][20(1)]
Number of Nodes : 12
Height : 5

Key Exists
Pre  Order : [20(1)][10(2)][6(4)][2(7)][8(8)][7(11)][15(5)][18(12)][40(3)][30(6)][25(9)][35(10)]
In   Order : [2(7)][6(4)][7(11)][8(8)][10(2)][15(5)][18(12)][20(1)][25(9)][30(6)][35(10)][40(3)]
Post Order : [2(7)][7(11)][8(8)][6(4)][18(12)][15(5)][10(2)][25(9)][35(10)][30(6)][40(3)][20(1)]
Number of Nodes : 12
Height : 5

Key Exists
Pre  Order : [20(1)][10(2)][6(4)][2(7)][8(8)][7(11)][15(5)][18(12)][40(3)][30(6)][25(9)][35(10)]
In   Order : [2(7)][6(4)][7(11)][8(8)][10(2)][15(5)][18(12)][20(1)][25(9)][30(6)][35(10)][40(3)]
Post Order : [2(7)][7(11)][8(8)][6(4)][18(12)][15(5)][10(2)][25(9)][35(10)][30(6)][40(3)][20(1)]
Number of Nodes : 12
Height : 5

Item 15 5
Pre  Order : [20(1)][10(2)][6(4)][2(7)][8(8)][7(11)][15(5)][18(12)][40(3)][30(6)][25(9)][35(10)]
In   Order : [2(7)][6(4)][7(11)][8(8)][10(2)][15(5)][18(12)][20(1)][25(9)][30(6)][35(10)][40(3)]
Post Order : [2(7)][7(11)][8(8)][6(4)][18(12)][15(5)][10(2)][25(9)][35(10)][30(6)][40(3)][20(1)]
Number of Nodes : 12
Height : 5

Item 10 2
Pre  Order : [20(1)][10(2)][6(4)][2(7)][8(8)][7(11)][15(5)][18(12)][40(3)][30(6)][25(9)][35(10)]
In   Order : [2(7)][6(4)][7(11)][8(8)][10(2)][15(5)][18(12)][20(1)][25(9)][30(6)][35(10)][40(3)]
Post Order : [2(7)][7(11)][8(8)][6(4)][18(12)][15(5)][10(2)][25(9)][35(10)][30(6)][40(3)][20(1)]
Number of Nodes : 12
Height : 5

Key Exists
Pre  Order : [20(1)][10(2)][6(4)][2(7)][8(8)][7(11)][15(5)][18(12)][40(3)][30(6)][25(9)][35(10)]
In   Order : [2(7)][6(4)][7(11)][8(8)][10(2)][15(5)][18(12)][20(1)][25(9)][30(6)][35(10)][40(3)]
Post Order : [2(7)][7(11)][8(8)][6(4)][18(12)][15(5)][10(2)][25(9)][35(10)][30(6)][40(3)][20(1)]
Number of Nodes : 12
Height : 5

Item 40 3
Pre  Order : [20(1)][10(2)][6(4)][2(7)][8(8)][7(11)][15(5)][18(12)][40(3)][30(6)][25(9)][35(10)]
In   Order : [2(7)][6(4)][7(11)][8(8)][10(2)][15(5)][18(12)][20(1)][25(9)][30(6)][35(10)][40(3)]
Post Order : [2(7)][7(11)][8(8)][6(4)][18(12)][15(5)][10(2)][25(9)][35(10)][30(6)][40(3)][20(1)]
Number of Nodes : 12
Height : 5

Item 35 10
Pre  Order : [20(1)][10(2)][6(4)][2(7)][8(8)][7(11)][15(5)][18(12)][40(3)][30(6)][25(9)][35(10)]
In   Order : [2(7)][6(4)][7(11)][8(8)][10(2)][15(5)][18(12)][20(1)][25(9)][30(6)][35(10)][40(3)]
Post Order : [2(7)][7(11)][8(8)][6(4)][18(12)][15(5)][10(2)][25(9)][35(10)][30(6)][40(3)][20(1)]
Number of Nodes : 12
Height : 5

Key Exists
Pre  Order : [20(1)][10(2)][6(4)][2(7)][8(8)][7(11)][15(5)][18(12)][40(3)][30(6)][25(9)][35(10)]
In   Order : [2(7)][6(4)][7(11)][8(8)][10(2)][15(5)][18(12)][20(1)][25(9)][30(6)][35(10)][40(3)]
Post Order : [2(7)][7(11)][8(8)][6(4)][18(12)][15(5)][10(2)][25(9)][35(10)][30(6)][40(3)][20(1)]
Number of Nodes : 12
Height : 5

Item 20 1
Pre  Order : [20(1)][10(2)][6(4)][2(7)][8(8)][7(11)][15(5)][18(12)][40(3)][30(6)][25(9)][35(10)]
In   Order : [2(7)][6(4)][7(11)][8(8)][10(2)][15(5)][18(12)][20(1)][25(9)][30(6)][35(10)][40(3)]
Post Order : [2(7)][7(11)][8(8)][6(4)][18(12)][15(5)][10(2)][25(9)][35(10)][30(6)][40(3)][20(1)]
Number of Nodes : 12
Height : 5

Key Exists
Pre  Order : [20(1)][10(2)][6(4)][2(7)][8(8)][7(11)][15(5)][18(12)][40(3)][30(6)][25(9)][35(10)]
In   Order : [2(7)][6(4)][7(11)][8(8)][10(2)][15(5)][18(12)][20(1)][25(9)][30(6)][35(10)][40(3)]
Post Order : [2(7)][7(11)][8(8)][6(4)][18(12)][15(5)][10(2)][25(9)][35(10)][30(6)][40(3)][20(1)]
Number of Nodes : 12
Height : 5

Item 7 11
Pre  Order : [20(1)][10(2)][6(4)][2(7)][8(8)][7(11)][15(5)][18(12)][40(3)][30(6)][25(9)][35(10)]
In   Order : [2(7)][6(4)][7(11)][8(8)][10(2)][15(5)][18(12)][20(1)][25(9)][30(6)][35(10)][40(3)]
Post Order : [2(7)][7(11)][8(8)][6(4)][18(12)][15(5)][10(2)][25(9)][35(10)][30(6)][40(3)][20(1)]
Number of Nodes : 12
Height : 5

Item 15 5
Pre  Order : [20(1)][10(2)][6(4)][2(7)][8(8)][7(11)][15(5)][18(12)][40(3)][30(6)][25(9)][35(10)]
In   Order : [2(7)][6(4)][7(11)][8(8)][10(2)][15(5)][18(12)][20(1)][25(9)][30(6)][35(10)][40(3)]
Post Order : [2(7)][7(11)][8(8)][6(4)][18(12)][15(5)][10(2)][25(9)][35(10)][30(6)][40(3)][20(1)]
Number of Nodes : 12
Height : 5

Key Exists
Pre  Order : [20(1)][10(2)][6(4)][2(7)][8(8)][7(11)][15(5)][18(12)][40(3)][30(6)][25(9)][35(10)]
In   Order : [2(7)][6(4)][7(11)][8(8)][10(2)][15(5)][18(12)][20(1)][25(9)][30(6)][35(10)][40(3)]
Post Order : [2(7)][7(11)][8(8)][6(4)][18(12)][15(5)][10(2)][25(9)][35(10)][30(6)][40(3)][20(1)]
Number of Nodes : 12
Height : 5

Item 2 7
Pre  Order : [20(1)][10(2)][6(4)][2(7)][8(8)][7(11)][15(5)][18(12)][40(3)][30(6)][25(9)][35(10)]
In   Order : [2(7)][6(4)][7(11)][8(8)][10(2)][15(5)][18(12)][20(1)][25(9)][30(6)][35(10)][40(3)]
Post Order : [2(7)][7(11)][8(8)][6(4)][18(12)][15(5)][10(2)][25(9)][35(10)][30(6)][40(3)][20(1)]
Number of Nodes : 12
Height : 5

